{"PayloadData1": "Target: OOPS.NET\\OOPS-WORKSTATION_3$", "PayloadData2": "LogonType 3", "PayloadData3": "LogonId: 0X38F5FB", "UserName": "-\\-", "RemoteHost": "- (192.168.95.185)", "ExecutableInfo": "-", "MapDescription": "Successful logon", "ChunkNumber": 0, "Computer": "OOPS-DC.oops.net", "Payload": "{\"EventData\": {\"Data\": [{\"@Name\": \"SubjectUserSid\", \"#text\": \"S-1-0-0\"}, {\"@Name\": \"SubjectUserName\", \"#text\": \"-\"}, {\"@Name\": \"SubjectDomainName\", \"#text\": \"-\"}, {\"@Name\": \"SubjectLogonId\", \"#text\": \"0x0\"}, {\"@Name\": \"TargetUserSid\", \"#text\": \"S-1-5-21-2586761-349016174-3633466316-1227\"}, {\"@Name\": \"TargetUserName\", \"#text\": \"OOPS-WORKSTATION_3$\"}, {\"@Name\": \"TargetDomainName\", \"#text\": \"OOPS.NET\"}, {\"@Name\": \"TargetLogonId\", \"#text\": \"0X38F5FB\"}, {\"@Name\": \"LogonType\", \"#text\": \"3\"}, {\"@Name\": \"LogonProcessName\", \"#text\": \"Kerberos\"}, {\"@Name\": \"AuthenticationPackageName\", \"#text\": \"Kerberos\"}, {\"@Name\": \"WorkstationName\", \"#text\": \"-\"}, {\"@Name\": \"LogonGuid\", \"#text\": \"8844ec2d-91c0-488f-9e77-f6ec750823a3\"}, {\"@Name\": \"TransmittedServices\", \"#text\": \"-\"}, {\"@Name\": \"LmPackageName\", \"#text\": \"-\"}, {\"@Name\": \"KeyLength\", \"#text\": \"0\"}, {\"@Name\": \"ProcessId\", \"#text\": \"0x0\"}, {\"@Name\": \"ProcessName\", \"#text\": \"-\"}, {\"@Name\": \"IpAddress\", \"#text\": \"192.168.95.185\"}, {\"@Name\": \"IpPort\", \"#text\": \"23358\"}, {\"@Name\": \"ImpersonationLevel\", \"#text\": \"%%1833\"}, {\"@Name\": \"RestrictedAdminMode\", \"#text\": \"-\"}, {\"@Name\": \"TargetOutboundUserName\", \"#text\": \"-\"}, {\"@Name\": \"TargetOutboundDomainName\", \"#text\": \"-\"}, {\"@Name\": \"VirtualAccount\", \"#text\": \"%%1843\"}, {\"@Name\": \"TargetLinkedLogonId\", \"#text\": \"0x0\"}, {\"@Name\": \"ElevatedToken\", \"#text\": \"%%1842\"}]}}", "Channel": "Security", "Provider": "Microsoft-Windows-Security-Auditing", "EventId": 4624, "EventRecordId": "7226", "ProcessId": 618, "ThreadId": 2716, "Level": "LogAlways", "Keywords": "Audit success", "SourceFile": "C:\\Windows\\system32\\winevt\\Logs\\Security.evtx", "ExtraDataOffset": 0, "HiddenRecord": false, "TimeCreated": "2021-03-16T15:47:12.5132665+00:00", "RecordNumber": "7226"}
{"PayloadData1": "Target: OOPS.NET\\OOPS-WORKSTATION_3$", "PayloadData2": "LogonType 3", "PayloadData3": "LogonId: 0X38F629", "UserName": "-\\-", "RemoteHost": "- (192.168.95.185)", "ExecutableInfo": "-", "MapDescription": "Successful logon", "ChunkNumber": 0, "Computer": "OOPS-DC.oops.net", "Payload": "{\"EventData\": {\"Data\": [{\"@Name\": \"SubjectUserSid\", \"#text\": \"S-1-0-0\"}, {\"@Name\": \"SubjectUserName\", \"#text\": \"-\"}, {\"@Name\": \"SubjectDomainName\", \"#text\": \"-\"}, {\"@Name\": \"SubjectLogonId\", \"#text\": \"0x0\"}, {\"@Name\": \"TargetUserSid\", \"#text\": \"S-1-5-21-2586761-349016174-3633466316-1227\"}, {\"@Name\": \"TargetUserName\", \"#text\": \"OOPS-WORKSTATION_3$\"}, {\"@Name\": \"TargetDomainName\", \"#text\": \"OOPS.NET\"}, {\"@Name\": \"TargetLogonId\", \"#text\": \"0X38F629\"}, {\"@Name\": \"LogonType\", \"#text\": \"3\"}, {\"@Name\": \"LogonProcessName\", \"#text\": \"Kerberos\"}, {\"@Name\": \"AuthenticationPackageName\", \"#text\": \"Kerberos\"}, {\"@Name\": \"WorkstationName\", \"#text\": \"-\"}, {\"@Name\": \"LogonGuid\", \"#text\": \"33f8e21a-51b2-4c95-b58b-0e453ccf69d5\"}, {\"@Name\": \"TransmittedServices\", \"#text\": \"-\"}, {\"@Name\": \"LmPackageName\", \"#text\": \"-\"}, {\"@Name\": \"KeyLength\", \"#text\": \"0\"}, {\"@Name\": \"ProcessId\", \"#text\": \"0x0\"}, {\"@Name\": \"ProcessName\", \"#text\": \"-\"}, {\"@Name\": \"IpAddress\", \"#text\": \"192.168.95.185\"}, {\"@Name\": \"IpPort\", \"#text\": \"23359\"}, {\"@Name\": \"ImpersonationLevel\", \"#text\": \"%%1833\"}, {\"@Name\": \"RestrictedAdminMode\", \"#text\": \"-\"}, {\"@Name\": \"TargetOutboundUserName\", \"#text\": \"-\"}, {\"@Name\": \"TargetOutboundDomainName\", \"#text\": \"-\"}, {\"@Name\": \"VirtualAccount\", \"#text\": \"%%1843\"}, {\"@Name\": \"TargetLinkedLogonId\", \"#text\": \"0x0\"}, {\"@Name\": \"ElevatedToken\", \"#text\": \"%%1842\"}]}}", "Channel": "Security", "Provider": "Microsoft-Windows-Security-Auditing", "EventId": 4624, "EventRecordId": "7234", "ProcessId": 618, "ThreadId": 2338, "Level": "LogAlways", "Keywords": "Audit success", "SourceFile": "C:\\Windows\\system32\\winevt\\Logs\\Security.evtx", "ExtraDataOffset": 0, "HiddenRecord": false, "TimeCreated": "2021-03-16T15:47:12.5990472+00:00", "RecordNumber": "7234"}
{"PayloadData1": "Target: OOPS\\OOPS-WORKSTATION_3$", "PayloadData2": "LogonType 3", "PayloadData3": "LogonId: 0X38F629", "MapDescription": "An account was logged off", "ChunkNumber": 0, "Computer": "OOPS-DC.oops.net", "Payload": "{\"EventData\": {\"Data\": [{\"@Name\": \"TargetUserSid\", \"#text\": \"S-1-5-21-2586761-349016174-3633466316-1227\"}, {\"@Name\": \"TargetUserName\", \"#text\": \"OOPS-WORKSTATION_3$\"}, {\"@Name\": \"TargetDomainName\", \"#text\": \"OOPS\"}, {\"@Name\": \"TargetLogonId\", \"#text\": \"0X38F629\"}, {\"@Name\": \"LogonType\", \"#text\": \"3\"}]}}", "Channel": "Security", "Provider": "Microsoft-Windows-Security-Auditing", "EventId": 4634, "EventRecordId": "7237", "ProcessId": 618, "ThreadId": 5141, "Level": "LogAlways", "Keywords": "Audit success", "SourceFile": "C:\\Windows\\system32\\winevt\\Logs\\Security.evtx", "ExtraDataOffset": 0, "HiddenRecord": false, "TimeCreated": "2021-03-16T15:47:12.6380327+00:00", "RecordNumber": "7237"}
{"PayloadData1": "Target: OOPS\\OOPS-WORKSTATION_3$", "PayloadData2": "LogonType 3", "PayloadData3": "LogonId: 0X38F5FB", "MapDescription": "An account was logged off", "ChunkNumber": 0, "Computer": "OOPS-DC.oops.net", "Payload": "{\"EventData\": {\"Data\": [{\"@Name\": \"TargetUserSid\", \"#text\": \"S-1-5-21-2586761-349016174-3633466316-1227\"}, {\"@Name\": \"TargetUserName\", \"#text\": \"OOPS-WORKSTATION_3$\"}, {\"@Name\": \"TargetDomainName\", \"#text\": \"OOPS\"}, {\"@Name\": \"TargetLogonId\", \"#text\": \"0X38F5FB\"}, {\"@Name\": \"LogonType\", \"#text\": \"3\"}]}}", "Channel": "Security", "Provider": "Microsoft-Windows-Security-Auditing", "EventId": 4634, "EventRecordId": "7241", "ProcessId": 618, "ThreadId": 5141, "Level": "LogAlways", "Keywords": "Audit success", "SourceFile": "C:\\Windows\\system32\\winevt\\Logs\\Security.evtx", "ExtraDataOffset": 0, "HiddenRecord": false, "TimeCreated": "2021-03-16T15:47:12.7116779+00:00", "RecordNumber": "7241"}
{"PayloadData1": "Target: OOPS\\OOPS-WORKSTATION_3$", "PayloadData2": "LogonType 3", "PayloadData3": "LogonId: 0X38F5E2", "MapDescription": "An account was logged off", "ChunkNumber": 0, "Computer": "OOPS-DC.oops.net", "Payload": "{\"EventData\": {\"Data\": [{\"@Name\": \"TargetUserSid\", \"#text\": \"S-1-5-21-2586761-349016174-3633466316-1227\"}, {\"@Name\": \"TargetUserName\", \"#text\": \"OOPS-WORKSTATION_3$\"}, {\"@Name\": \"TargetDomainName\", \"#text\": \"OOPS\"}, {\"@Name\": \"TargetLogonId\", \"#text\": \"0X38F5E2\"}, {\"@Name\": \"LogonType\", \"#text\": \"3\"}]}}", "Channel": "Security", "Provider": "Microsoft-Windows-Security-Auditing", "EventId": 4634, "EventRecordId": "7246", "ProcessId": 618, "ThreadId": 2716, "Level": "LogAlways", "Keywords": "Audit success", "SourceFile": "C:\\Windows\\system32\\winevt\\Logs\\Security.evtx", "ExtraDataOffset": 0, "HiddenRecord": false, "TimeCreated": "2021-03-16T15:47:12.7670593+00:00", "RecordNumber": "7246"}
{"PayloadData1": "Target: OOPS\\athearn.alan", "PayloadData2": "LogonType 3", "PayloadData3": "LogonId: 0X38F42C", "MapDescription": "An account was logged off", "ChunkNumber": 0, "Computer": "OOPS-DC.oops.net", "Payload": "{\"EventData\": {\"Data\": [{\"@Name\": \"TargetUserSid\", \"#text\": \"S-1-5-21-2586761-349016174-3633466316-1171\"}, {\"@Name\": \"TargetUserName\", \"#text\": \"athearn.alan\"}, {\"@Name\": \"TargetDomainName\", \"#text\": \"OOPS\"}, {\"@Name\": \"TargetLogonId\", \"#text\": \"0X38F42C\"}, {\"@Name\": \"LogonType\", \"#text\": \"3\"}]}}", "Channel": "Security", "Provider": "Microsoft-Windows-Security-Auditing", "EventId": 4634, "EventRecordId": "7255", "ProcessId": 618, "ThreadId": 5208, "Level": "LogAlways", "Keywords": "Audit success", "SourceFile": "C:\\Windows\\system32\\winevt\\Logs\\Security.evtx", "ExtraDataOffset": 0, "HiddenRecord": false, "TimeCreated": "2021-03-16T15:47:21.8899780+00:00", "RecordNumber": "7255"}
{"PayloadData1": "Target: OOPS\\ward.kathy", "PayloadData2": "ServiceName: krbtgt", "PayloadData3": "ServiceSid: S-1-5-21-2586761-349016174-3633466316-502", "PayloadData4": "TicketEncryptionType: AES256-CTS-HMAC-SHA1-96", "PayloadData5": "Status: KDC_ERR_NONE - No error - No errors were found.", "PayloadData6": "PreAuthType: PA-ENC-TIMESTAMP - This type is normal for standard password authentication.", "RemoteHost": "::ffff:192.168.94.75:38580", "MapDescription": "A Kerberos authentication ticket (TGT) was requested", "ChunkNumber": 0, "Computer": "OOPS-DC.oops.net", "Payload": "{\"EventData\": {\"Data\": [{\"@Name\": \"TargetUserName\", \"#text\": \"ward.kathy\"}, {\"@Name\": \"TargetDomainName\", \"#text\": \"OOPS\"}, {\"@Name\": \"TargetSid\", \"#text\": \"S-1-5-21-2586761-349016174-3633466316-1134\"}, {\"@Name\": \"ServiceName\", \"#text\": \"krbtgt\"}, {\"@Name\": \"ServiceSid\", \"#text\": \"S-1-5-21-2586761-349016174-3633466316-502\"}, {\"@Name\": \"TicketOptions\", \"#text\": \"0x40810010\"}, {\"@Name\": \"Status\", \"#text\": \"0x0\"}, {\"@Name\": \"TicketEncryptionType\", \"#text\": \"0x12\"}, {\"@Name\": \"PreAuthType\", \"#text\": \"2\"}, {\"@Name\": \"IpAddress\", \"#text\": \"::ffff:192.168.94.75\"}, {\"@Name\": \"IpPort\", \"#text\": \"38580\"}, {\"@Name\": \"CertIssuerName\"}, {\"@Name\": \"CertSerialNumber\"}, {\"@Name\": \"CertThumbprint\"}]}}", "Channel": "Security", "Provider": "Microsoft-Windows-Security-Auditing", "EventId": 4768, "EventRecordId": "7263", "ProcessId": 618, "ThreadId": 5208, "Level": "LogAlways", "Keywords": "Audit success", "SourceFile": "C:\\Windows\\system32\\winevt\\Logs\\Security.evtx", "ExtraDataOffset": 0, "HiddenRecord": false, "TimeCreated": "2021-03-16T16:11:41.6218140+00:00", "RecordNumber": "7263"}
{"PayloadData1": "Target: OOPS.NET\\ward.kathy@OOPS.NET", "PayloadData2": "ServiceName: OOPS-WORKSTATION_6$", "PayloadData3": "ServiceSid: S-1-5-21-2586761-349016174-3633466316-1131", "PayloadData4": "TicketEncryptionType: AES256-CTS-HMAC-SHA1-96", "PayloadData5": "Status: KDC_ERR_NONE - No error - No errors were found.", "RemoteHost": "::ffff:192.168.94.75:38582", "MapDescription": "A Kerberos service ticket was requested", "ChunkNumber": 0, "Computer": "OOPS-DC.oops.net", "Payload": "{\"EventData\": {\"Data\": [{\"@Name\": \"TargetUserName\", \"#text\": \"ward.kathy@OOPS.NET\"}, {\"@Name\": \"TargetDomainName\", \"#text\": \"OOPS.NET\"}, {\"@Name\": \"ServiceName\", \"#text\": \"OOPS-WORKSTATION_6$\"}, {\"@Name\": \"ServiceSid\", \"#text\": \"S-1-5-21-2586761-349016174-3633466316-1131\"}, {\"@Name\": \"TicketOptions\", \"#text\": \"0x40810000\"}, {\"@Name\": \"TicketEncryptionType\", \"#text\": \"0x12\"}, {\"@Name\": \"IpAddress\", \"#text\": \"::ffff:192.168.94.75\"}, {\"@Name\": \"IpPort\", \"#text\": \"38582\"}, {\"@Name\": \"Status\", \"#text\": \"0x0\"}, {\"@Name\": \"LogonGuid\", \"#text\": \"54f164f5-a0ca-4723-b3e5-2088ca593eca\"}, {\"@Name\": \"TransmittedServices\", \"#text\": \"-\"}]}}", "Channel": "Security", "Provider": "Microsoft-Windows-Security-Auditing", "EventId": 4769, "EventRecordId": "7269", "ProcessId": 618, "ThreadId": 1511, "Level": "LogAlways", "Keywords": "Audit success", "SourceFile": "C:\\Windows\\system32\\winevt\\Logs\\Security.evtx", "ExtraDataOffset": 0, "HiddenRecord": false, "TimeCreated": "2021-03-16T16:11:41.6845112+00:00", "RecordNumber": "7269"}
{"PayloadData1": "Target: OOPS.NET\\ward.kathy@OOPS.NET", "PayloadData2": "ServiceName: OOPS-DC$", "PayloadData3": "ServiceSid: S-1-5-21-2586761-349016174-3633466316-1000", "PayloadData4": "TicketEncryptionType: AES256-CTS-HMAC-SHA1-96", "PayloadData5": "Status: KDC_ERR_NONE - No error - No errors were found.", "RemoteHost": "::ffff:192.168.94.75:38583", "MapDescription": "A Kerberos service ticket was requested", "ChunkNumber": 0, "Computer": "OOPS-DC.oops.net", "Payload": "{\"EventData\": {\"Data\": [{\"@Name\": \"TargetUserName\", \"#text\": \"ward.kathy@OOPS.NET\"}, {\"@Name\": \"TargetDomainName\", \"#text\": \"OOPS.NET\"}, {\"@Name\": \"ServiceName\", \"#text\": \"OOPS-DC$\"}, {\"@Name\": \"ServiceSid\", \"#text\": \"S-1-5-21-2586761-349016174-3633466316-1000\"}, {\"@Name\": \"TicketOptions\", \"#text\": \"0x40800000\"}, {\"@Name\": \"TicketEncryptionType\", \"#text\": \"0x12\"}, {\"@Name\": \"IpAddress\", \"#text\": \"::ffff:192.168.94.75\"}, {\"@Name\": \"IpPort\", \"#text\": \"38583\"}, {\"@Name\": \"Status\", \"#text\": \"0x0\"}, {\"@Name\": \"LogonGuid\", \"#text\": \"635eb992-9746-4e6a-ba2b-65427cbe298c\"}, {\"@Name\": \"TransmittedServices\", \"#text\": \"-\"}]}}", "Channel": "Security", "Provider": "Microsoft-Windows-Security-Auditing", "EventId": 4769, "EventRecordId": "7272", "ProcessId": 618, "ThreadId": 2338, "Level": "LogAlways", "Keywords": "Audit success", "SourceFile": "C:\\Windows\\system32\\winevt\\Logs\\Security.evtx", "ExtraDataOffset": 0, "HiddenRecord": false, "TimeCreated": "2021-03-16T16:11:42.7347671+00:00", "RecordNumber": "7272"}
{"PayloadData1": "Target: OOPS.NET\\ward.kathy", "PayloadData2": "LogonType 3", "PayloadData3": "LogonId: 0X38F651", "UserName": "-\\-", "RemoteHost": "- (192.168.94.75)", "ExecutableInfo": "-", "MapDescription": "Successful logon", "ChunkNumber": 0, "Computer": "OOPS-DC.oops.net", "Payload": "{\"EventData\": {\"Data\": [{\"@Name\": \"SubjectUserSid\", \"#text\": \"S-1-0-0\"}, {\"@Name\": \"SubjectUserName\", \"#text\": \"-\"}, {\"@Name\": \"SubjectDomainName\", \"#text\": \"-\"}, {\"@Name\": \"SubjectLogonId\", \"#text\": \"0x0\"}, {\"@Name\": \"TargetUserSid\", \"#text\": \"S-1-5-21-2586761-349016174-3633466316-1134\"}, {\"@Name\": \"TargetUserName\", \"#text\": \"ward.kathy\"}, {\"@Name\": \"TargetDomainName\", \"#text\": \"OOPS.NET\"}, {\"@Name\": \"TargetLogonId\", \"#text\": \"0X38F651\"}, {\"@Name\": \"LogonType\", \"#text\": \"3\"}, {\"@Name\": \"LogonProcessName\", \"#text\": \"Kerberos\"}, {\"@Name\": \"AuthenticationPackageName\", \"#text\": \"Kerberos\"}, {\"@Name\": \"WorkstationName\", \"#text\": \"-\"}, {\"@Name\": \"LogonGuid\", \"#text\": \"f411b57c-c42f-4e07-a01e-50bfe386894a\"}, {\"@Name\": \"TransmittedServices\", \"#text\": \"-\"}, {\"@Name\": \"LmPackageName\", \"#text\": \"-\"}, {\"@Name\": \"KeyLength\", \"#text\": \"0\"}, {\"@Name\": \"ProcessId\", \"#text\": \"0x0\"}, {\"@Name\": \"ProcessName\", \"#text\": \"-\"}, {\"@Name\": \"IpAddress\", \"#text\": \"192.168.94.75\"}, {\"@Name\": \"IpPort\", \"#text\": \"38584\"}, {\"@Name\": \"ImpersonationLevel\", \"#text\": \"%%1833\"}, {\"@Name\": \"RestrictedAdminMode\", \"#text\": \"-\"}, {\"@Name\": \"TargetOutboundUserName\", \"#text\": \"-\"}, {\"@Name\": \"TargetOutboundDomainName\", \"#text\": \"-\"}, {\"@Name\": \"VirtualAccount\", \"#text\": \"%%1843\"}, {\"@Name\": \"TargetLinkedLogonId\", \"#text\": \"0x0\"}, {\"@Name\": \"ElevatedToken\", \"#text\": \"%%1842\"}]}}", "Channel": "Security", "Provider": "Microsoft-Windows-Security-Auditing", "EventId": 4624, "EventRecordId": "7276", "ProcessId": 618, "ThreadId": 2716, "Level": "LogAlways", "Keywords": "Audit success", "SourceFile": "C:\\Windows\\system32\\winevt\\Logs\\Security.evtx", "ExtraDataOffset": 0, "HiddenRecord": false, "TimeCreated": "2021-03-16T16:11:42.7796471+00:00", "RecordNumber": "7276"}
{"PayloadData1": "Target: OOPS.NET\\OOPS-WORKSTATION_6$", "PayloadData2": "LogonType 3", "PayloadData3": "LogonId: 0X38F67A", "UserName": "-\\-", "RemoteHost": "- (192.168.94.75)", "ExecutableInfo": "-", "MapDescription": "Successful logon", "ChunkNumber": 0, "Computer": "OOPS-DC.oops.net", "Payload": "{\"EventData\": {\"Data\": [{\"@Name\": \"SubjectUserSid\", \"#text\": \"S-1-0-0\"}, {\"@Name\": \"SubjectUserName\", \"#text\": \"-\"}, {\"@Name\": \"SubjectDomainName\", \"#text\": \"-\"}, {\"@Name\": \"SubjectLogonId\", \"#text\": \"0x0\"}, {\"@Name\": \"TargetUserSid\", \"#text\": \"S-1-5-21-2586761-349016174-3633466316-1131\"}, {\"@Name\": \"TargetUserName\", \"#text\": \"OOPS-WORKSTATION_6$\"}, {\"@Name\": \"TargetDomainName\", \"#text\": \"OOPS.NET\"}, {\"@Name\": \"TargetLogonId\", \"#text\": \"0X38F67A\"}, {\"@Name\": \"LogonType\", \"#text\": \"3\"}, {\"@Name\": \"LogonProcessName\", \"#text\": \"Kerberos\"}, {\"@Name\": \"AuthenticationPackageName\", \"#text\": \"Kerberos\"}, {\"@Name\": \"WorkstationName\", \"#text\": \"-\"}, {\"@Name\": \"LogonGuid\", \"#text\": \"510139d6-6b87-489b-b7bc-c94eaf3982c6\"}, {\"@Name\": \"TransmittedServices\", \"#text\": \"-\"}, {\"@Name\": \"LmPackageName\", \"#text\": \"-\"}, {\"@Name\": \"KeyLength\", \"#text\": \"0\"}, {\"@Name\": \"ProcessId\", \"#text\": \"0x0\"}, {\"@Name\": \"ProcessName\", \"#text\": \"-\"}, {\"@Name\": \"IpAddress\", \"#text\": \"192.168.94.75\"}, {\"@Name\": \"IpPort\", \"#text\": \"38586\"}, {\"@Name\": \"ImpersonationLevel\", \"#text\": \"%%1833\"}, {\"@Name\": \"RestrictedAdminMode\", \"#text\": \"-\"}, {\"@Name\": \"TargetOutboundUserName\", \"#text\": \"-\"}, {\"@Name\": \"TargetOutboundDomainName\", \"#text\": \"-\"}, {\"@Name\": \"VirtualAccount\", \"#text\": \"%%1843\"}, {\"@Name\": \"TargetLinkedLogonId\", \"#text\": \"0x0\"}, {\"@Name\": \"ElevatedToken\", \"#text\": \"%%1842\"}]}}", "Channel": "Security", "Provider": "Microsoft-Windows-Security-Auditing", "EventId": 4624, "EventRecordId": "7278", "ProcessId": 618, "ThreadId": 1511, "Level": "LogAlways", "Keywords": "Audit success", "SourceFile": "C:\\Windows\\system32\\winevt\\Logs\\Security.evtx", "ExtraDataOffset": 0, "HiddenRecord": false, "TimeCreated": "2021-03-16T16:11:42.8617728+00:00", "RecordNumber": "7278"}
{"PayloadData1": "Target: OOPS.NET\\ward.kathy", "PayloadData2": "LogonType 3", "PayloadData3": "LogonId: 0X38F688", "UserName": "-\\-", "RemoteHost": "- (192.168.94.75)", "ExecutableInfo": "-", "MapDescription": "Successful logon", "ChunkNumber": 0, "Computer": "OOPS-DC.oops.net", "Payload": "{\"EventData\": {\"Data\": [{\"@Name\": \"SubjectUserSid\", \"#text\": \"S-1-0-0\"}, {\"@Name\": \"SubjectUserName\", \"#text\": \"-\"}, {\"@Name\": \"SubjectDomainName\", \"#text\": \"-\"}, {\"@Name\": \"SubjectLogonId\", \"#text\": \"0x0\"}, {\"@Name\": \"TargetUserSid\", \"#text\": \"S-1-5-21-2586761-349016174-3633466316-1134\"}, {\"@Name\": \"TargetUserName\", \"#text\": \"ward.kathy\"}, {\"@Name\": \"TargetDomainName\", \"#text\": \"OOPS.NET\"}, {\"@Name\": \"TargetLogonId\", \"#text\": \"0X38F688\"}, {\"@Name\": \"LogonType\", \"#text\": \"3\"}, {\"@Name\": \"LogonProcessName\", \"#text\": \"Kerberos\"}, {\"@Name\": \"AuthenticationPackageName\", \"#text\": \"Kerberos\"}, {\"@Name\": \"WorkstationName\", \"#text\": \"-\"}, {\"@Name\": \"LogonGuid\", \"#text\": \"a2aab296-f2a0-4f10-b8c5-2bed935c080d\"}, {\"@Name\": \"TransmittedServices\", \"#text\": \"-\"}, {\"@Name\": \"LmPackageName\", \"#text\": \"-\"}, {\"@Name\": \"KeyLength\", \"#text\": \"0\"}, {\"@Name\": \"ProcessId\", \"#text\": \"0x0\"}, {\"@Name\": \"ProcessName\", \"#text\": \"-\"}, {\"@Name\": \"IpAddress\", \"#text\": \"192.168.94.75\"}, {\"@Name\": \"IpPort\", \"#text\": \"38587\"}, {\"@Name\": \"ImpersonationLevel\", \"#text\": \"%%1833\"}, {\"@Name\": \"RestrictedAdminMode\", \"#text\": \"-\"}, {\"@Name\": \"TargetOutboundUserName\", \"#text\": \"-\"}, {\"@Name\": \"TargetOutboundDomainName\", \"#text\": \"-\"}, {\"@Name\": \"VirtualAccount\", \"#text\": \"%%1843\"}, {\"@Name\": \"TargetLinkedLogonId\", \"#text\": \"0x0\"}, {\"@Name\": \"ElevatedToken\", \"#text\": \"%%1842\"}]}}", "Channel": "Security", "Provider": "Microsoft-Windows-Security-Auditing", "EventId": 4624, "EventRecordId": "7283", "ProcessId": 618, "ThreadId": 5208, "Level": "LogAlways", "Keywords": "Audit success", "SourceFile": "C:\\Windows\\system32\\winevt\\Logs\\Security.evtx", "ExtraDataOffset": 0, "HiddenRecord": false, "TimeCreated": "2021-03-16T16:11:42.9134853+00:00", "RecordNumber": "7283"}
{"PayloadData1": "Target: OOPS\\ward.kathy", "PayloadData2": "LogonType 3", "PayloadData3": "LogonId: 0X38F688", "MapDescription": "An account was logged off", "ChunkNumber": 0, "Computer": "OOPS-DC.oops.net", "Payload": "{\"EventData\": {\"Data\": [{\"@Name\": \"TargetUserSid\", \"#text\": \"S-1-5-21-2586761-349016174-3633466316-1134\"}, {\"@Name\": \"TargetUserName\", \"#text\": \"ward.kathy\"}, {\"@Name\": \"TargetDomainName\", \"#text\": \"OOPS\"}, {\"@Name\": \"TargetLogonId\", \"#text\": \"0X38F688\"}, {\"@Name\": \"LogonType\", \"#text\": \"3\"}]}}", "Channel": "Security", "Provider": "Microsoft-Windows-Security-Auditing", "EventId": 4634, "EventRecordId": "7291", "ProcessId": 618, "ThreadId": 2338, "Level": "LogAlways", "Keywords": "Audit success", "SourceFile": "C:\\Windows\\system32\\winevt\\Logs\\Security.evtx", "ExtraDataOffset": 0, "HiddenRecord": false, "TimeCreated": "2021-03-16T16:11:42.9939442+00:00", "RecordNumber": "7291"}
{"PayloadData1": "Target: OOPS\\OOPS-WORKSTATION_6$", "PayloadData2": "LogonType 3", "PayloadData3": "LogonId: 0X38F67A", "MapDescription": "An account was logged off", "ChunkNumber": 0, "Computer": "OOPS-DC.oops.net", "Payload": "{\"EventData\": {\"Data\": [{\"@Name\": \"TargetUserSid\", \"#text\": \"S-1-5-21-2586761-349016174-3633466316-1131\"}, {\"@Name\": \"TargetUserName\", \"#text\": \"OOPS-WORKSTATION_6$\"}, {\"@Name\": \"TargetDomainName\", \"#text\": \"OOPS\"}, {\"@Name\": \"TargetLogonId\", \"#text\": \"0X38F67A\"}, {\"@Name\": \"LogonType\", \"#text\": \"3\"}]}}", "Channel": "Security", "Provider": "Microsoft-Windows-Security-Auditing", "EventId": 4634, "EventRecordId": "7297", "ProcessId": 618, "ThreadId": 2338, "Level": "LogAlways", "Keywords": "Audit success", "SourceFile": "C:\\Windows\\system32\\winevt\\Logs\\Security.evtx", "ExtraDataOffset": 0, "HiddenRecord": false, "TimeCreated": "2021-03-16T16:11:43.0709521+00:00", "RecordNumber": "7297"}
{"PayloadData1": "Target: OOPS.NET\\OOPS-WORKSTATION_6$@OOPS.NET", "PayloadData2": "ServiceName: OOPS-DC$", "PayloadData3": "ServiceSid: S-1-5-21-2586761-349016174-3633466316-1000", "PayloadData4": "TicketEncryptionType: AES256-CTS-HMAC-SHA1-96", "PayloadData5": "Status: KDC_ERR_NONE - No error - No errors were found.", "RemoteHost": "::ffff:192.168.94.75:38589", "MapDescription": "A Kerberos service ticket was requested", "ChunkNumber": 0, "Computer": "OOPS-DC.oops.net", "Payload": "{\"EventData\": {\"Data\": [{\"@Name\": \"TargetUserName\", \"#text\": \"OOPS-WORKSTATION_6$@OOPS.NET\"}, {\"@Name\": \"TargetDomainName\", \"#text\": \"OOPS.NET\"}, {\"@Name\": \"ServiceName\", \"#text\": \"OOPS-DC$\"}, {\"@Name\": \"ServiceSid\", \"#text\": \"S-1-5-21-2586761-349016174-3633466316-1000\"}, {\"@Name\": \"TicketOptions\", \"#text\": \"0x40800000\"}, {\"@Name\": \"TicketEncryptionType\", \"#text\": \"0x12\"}, {\"@Name\": \"IpAddress\", \"#text\": \"::ffff:192.168.94.75\"}, {\"@Name\": \"IpPort\", \"#text\": \"38589\"}, {\"@Name\": \"Status\", \"#text\": \"0x0\"}, {\"@Name\": \"LogonGuid\", \"#text\": \"da8f6983-5c70-4acf-be90-068b375112b1\"}, {\"@Name\": \"TransmittedServices\", \"#text\": \"-\"}]}}", "Channel": "Security", "Provider": "Microsoft-Windows-Security-Auditing", "EventId": 4769, "EventRecordId": "7298", "ProcessId": 618, "ThreadId": 2716, "Level": "LogAlways", "Keywords": "Audit success", "SourceFile": "C:\\Windows\\system32\\winevt\\Logs\\Security.evtx", "ExtraDataOffset": 0, "HiddenRecord": false, "TimeCreated": "2021-03-16T16:11:46.1092563+00:00", "RecordNumber": "7298"}
{"PayloadData1": "Target: OOPS.NET\\ward.kathy@OOPS.NET", "PayloadData2": "ServiceName: OOPS-DC$", "PayloadData3": "ServiceSid: S-1-5-21-2586761-349016174-3633466316-1000", "PayloadData4": "TicketEncryptionType: AES256-CTS-HMAC-SHA1-96", "PayloadData5": "Status: KDC_ERR_NONE - No error - No errors were found.", "RemoteHost": "::ffff:192.168.94.75:38590", "MapDescription": "A Kerberos service ticket was requested", "ChunkNumber": 0, "Computer": "OOPS-DC.oops.net", "Payload": "{\"EventData\": {\"Data\": [{\"@Name\": \"TargetUserName\", \"#text\": \"ward.kathy@OOPS.NET\"}, {\"@Name\": \"TargetDomainName\", \"#text\": \"OOPS.NET\"}, {\"@Name\": \"ServiceName\", \"#text\": \"OOPS-DC$\"}, {\"@Name\": \"ServiceSid\", \"#text\": \"S-1-5-21-2586761-349016174-3633466316-1000\"}, {\"@Name\": \"TicketOptions\", \"#text\": \"0x40810000\"}, {\"@Name\": \"TicketEncryptionType\", \"#text\": \"0x12\"}, {\"@Name\": \"IpAddress\", \"#text\": \"::ffff:192.168.94.75\"}, {\"@Name\": \"IpPort\", \"#text\": \"38590\"}, {\"@Name\": \"Status\", \"#text\": \"0x0\"}, {\"@Name\": \"LogonGuid\", \"#text\": \"641c31e4-4939-437a-9398-288b4d6ba916\"}, {\"@Name\": \"TransmittedServices\", \"#text\": \"-\"}]}}", "Channel": "Security", "Provider": "Microsoft-Windows-Security-Auditing", "EventId": 4769, "EventRecordId": "7300", "ProcessId": 618, "ThreadId": 2338, "Level": "LogAlways", "Keywords": "Audit success", "SourceFile": "C:\\Windows\\system32\\winevt\\Logs\\Security.evtx", "ExtraDataOffset": 0, "HiddenRecord": false, "TimeCreated": "2021-03-16T16:11:46.1306171+00:00", "RecordNumber": "7300"}
{"PayloadData1": "Target: OOPS.NET\\OOPS-WORKSTATION_6$", "PayloadData2": "LogonType 3", "PayloadData3": "LogonId: 0X38F6A0", "UserName": "-\\-", "RemoteHost": "- (192.168.94.75)", "ExecutableInfo": "-", "MapDescription": "Successful logon", "ChunkNumber": 0, "Computer": "OOPS-DC.oops.net", "Payload": "{\"EventData\": {\"Data\": [{\"@Name\": \"SubjectUserSid\", \"#text\": \"S-1-0-0\"}, {\"@Name\": \"SubjectUserName\", \"#text\": \"-\"}, {\"@Name\": \"SubjectDomainName\", \"#text\": \"-\"}, {\"@Name\": \"SubjectLogonId\", \"#text\": \"0x0\"}, {\"@Name\": \"TargetUserSid\", \"#text\": \"S-1-5-21-2586761-349016174-3633466316-1131\"}, {\"@Name\": \"TargetUserName\", \"#text\": \"OOPS-WORKSTATION_6$\"}, {\"@Name\": \"TargetDomainName\", \"#text\": \"OOPS.NET\"}, {\"@Name\": \"TargetLogonId\", \"#text\": \"0X38F6A0\"}, {\"@Name\": \"LogonType\", \"#text\": \"3\"}, {\"@Name\": \"LogonProcessName\", \"#text\": \"Kerberos\"}, {\"@Name\": \"AuthenticationPackageName\", \"#text\": \"Kerberos\"}, {\"@Name\": \"WorkstationName\", \"#text\": \"-\"}, {\"@Name\": \"LogonGuid\", \"#text\": \"0ab89218-7a7a-45cb-84ff-1c38794c2034\"}, {\"@Name\": \"TransmittedServices\", \"#text\": \"-\"}, {\"@Name\": \"LmPackageName\", \"#text\": \"-\"}, {\"@Name\": \"KeyLength\", \"#text\": \"0\"}, {\"@Name\": \"ProcessId\", \"#text\": \"0x0\"}, {\"@Name\": \"ProcessName\", \"#text\": \"-\"}, {\"@Name\": \"IpAddress\", \"#text\": \"192.168.94.75\"}, {\"@Name\": \"IpPort\", \"#text\": \"38591\"}, {\"@Name\": \"ImpersonationLevel\", \"#text\": \"%%1833\"}, {\"@Name\": \"RestrictedAdminMode\", \"#text\": \"-\"}, {\"@Name\": \"TargetOutboundUserName\", \"#text\": \"-\"}, {\"@Name\": \"TargetOutboundDomainName\", \"#text\": \"-\"}, {\"@Name\": \"VirtualAccount\", \"#text\": \"%%1843\"}, {\"@Name\": \"TargetLinkedLogonId\", \"#text\": \"0x0\"}, {\"@Name\": \"ElevatedToken\", \"#text\": \"%%1842\"}]}}", "Channel": "Security", "Provider": "Microsoft-Windows-Security-Auditing", "EventId": 4624, "EventRecordId": "7306", "ProcessId": 618, "ThreadId": 1511, "Level": "LogAlways", "Keywords": "Audit success", "SourceFile": "C:\\Windows\\system32\\winevt\\Logs\\Security.evtx", "ExtraDataOffset": 0, "HiddenRecord": false, "TimeCreated": "2021-03-16T16:11:46.2194838+00:00", "RecordNumber": "7306"}
{"PayloadData1": "Target: OOPS.NET\\OOPS-WORKSTATION_6$", "PayloadData2": "LogonType 3", "PayloadData3": "LogonId: 0X38F6BC", "UserName": "-\\-", "RemoteHost": "- (192.168.94.75)", "ExecutableInfo": "-", "MapDescription": "Successful logon", "ChunkNumber": 0, "Computer": "OOPS-DC.oops.net", "Payload": "{\"EventData\": {\"Data\": [{\"@Name\": \"SubjectUserSid\", \"#text\": \"S-1-0-0\"}, {\"@Name\": \"SubjectUserName\", \"#text\": \"-\"}, {\"@Name\": \"SubjectDomainName\", \"#text\": \"-\"}, {\"@Name\": \"SubjectLogonId\", \"#text\": \"0x0\"}, {\"@Name\": \"TargetUserSid\", \"#text\": \"S-1-5-21-2586761-349016174-3633466316-1131\"}, {\"@Name\": \"TargetUserName\", \"#text\": \"OOPS-WORKSTATION_6$\"}, {\"@Name\": \"TargetDomainName\", \"#text\": \"OOPS.NET\"}, {\"@Name\": \"TargetLogonId\", \"#text\": \"0X38F6BC\"}, {\"@Name\": \"LogonType\", \"#text\": \"3\"}, {\"@Name\": \"LogonProcessName\", \"#text\": \"Kerberos\"}, {\"@Name\": \"AuthenticationPackageName\", \"#text\": \"Kerberos\"}, {\"@Name\": \"WorkstationName\", \"#text\": \"-\"}, {\"@Name\": \"LogonGuid\", \"#text\": \"053f8145-0724-4135-970a-d55b60440559\"}, {\"@Name\": \"TransmittedServices\", \"#text\": \"-\"}, {\"@Name\": \"LmPackageName\", \"#text\": \"-\"}, {\"@Name\": \"KeyLength\", \"#text\": \"0\"}, {\"@Name\": \"ProcessId\", \"#text\": \"0x0\"}, {\"@Name\": \"ProcessName\", \"#text\": \"-\"}, {\"@Name\": \"IpAddress\", \"#text\": \"192.168.94.75\"}, {\"@Name\": \"IpPort\", \"#text\": \"38593\"}, {\"@Name\": \"ImpersonationLevel\", \"#text\": \"%%1833\"}, {\"@Name\": \"RestrictedAdminMode\", \"#text\": \"-\"}, {\"@Name\": \"TargetOutboundUserName\", \"#text\": \"-\"}, {\"@Name\": \"TargetOutboundDomainName\", \"#text\": \"-\"}, {\"@Name\": \"VirtualAccount\", \"#text\": \"%%1843\"}, {\"@Name\": \"TargetLinkedLogonId\", \"#text\": \"0x0\"}, {\"@Name\": \"ElevatedToken\", \"#text\": \"%%1842\"}]}}", "Channel": "Security", "Provider": "Microsoft-Windows-Security-Auditing", "EventId": 4624, "EventRecordId": "7307", "ProcessId": 618, "ThreadId": 5208, "Level": "LogAlways", "Keywords": "Audit success", "SourceFile": "C:\\Windows\\system32\\winevt\\Logs\\Security.evtx", "ExtraDataOffset": 0, "HiddenRecord": false, "TimeCreated": "2021-03-16T16:11:46.2635655+00:00", "RecordNumber": "7307"}
{"PayloadData1": "Target: OOPS.NET\\ward.kathy", "PayloadData2": "LogonType 3", "PayloadData3": "LogonId: 0X38F6E6", "UserName": "-\\-", "RemoteHost": "- (192.168.94.75)", "ExecutableInfo": "-", "MapDescription": "Successful logon", "ChunkNumber": 0, "Computer": "OOPS-DC.oops.net", "Payload": "{\"EventData\": {\"Data\": [{\"@Name\": \"SubjectUserSid\", \"#text\": \"S-1-0-0\"}, {\"@Name\": \"SubjectUserName\", \"#text\": \"-\"}, {\"@Name\": \"SubjectDomainName\", \"#text\": \"-\"}, {\"@Name\": \"SubjectLogonId\", \"#text\": \"0x0\"}, {\"@Name\": \"TargetUserSid\", \"#text\": \"S-1-5-21-2586761-349016174-3633466316-1134\"}, {\"@Name\": \"TargetUserName\", \"#text\": \"ward.kathy\"}, {\"@Name\": \"TargetDomainName\", \"#text\": \"OOPS.NET\"}, {\"@Name\": \"TargetLogonId\", \"#text\": \"0X38F6E6\"}, {\"@Name\": \"LogonType\", \"#text\": \"3\"}, {\"@Name\": \"LogonProcessName\", \"#text\": \"Kerberos\"}, {\"@Name\": \"AuthenticationPackageName\", \"#text\": \"Kerberos\"}, {\"@Name\": \"WorkstationName\", \"#text\": \"-\"}, {\"@Name\": \"LogonGuid\", \"#text\": \"4941bdb5-b203-4692-a218-bf0f2eda622e\"}, {\"@Name\": \"TransmittedServices\", \"#text\": \"-\"}, {\"@Name\": \"LmPackageName\", \"#text\": \"-\"}, {\"@Name\": \"KeyLength\", \"#text\": \"0\"}, {\"@Name\": \"ProcessId\", \"#text\": \"0x0\"}, {\"@Name\": \"ProcessName\", \"#text\": \"-\"}, {\"@Name\": \"IpAddress\", \"#text\": \"192.168.94.75\"}, {\"@Name\": \"IpPort\", \"#text\": \"38594\"}, {\"@Name\": \"ImpersonationLevel\", \"#text\": \"%%1833\"}, {\"@Name\": \"RestrictedAdminMode\", \"#text\": \"-\"}, {\"@Name\": \"TargetOutboundUserName\", \"#text\": \"-\"}, {\"@Name\": \"TargetOutboundDomainName\", \"#text\": \"-\"}, {\"@Name\": \"VirtualAccount\", \"#text\": \"%%1843\"}, {\"@Name\": \"TargetLinkedLogonId\", \"#text\": \"0x0\"}, {\"@Name\": \"ElevatedToken\", \"#text\": \"%%1842\"}]}}", "Channel": "Security", "Provider": "Microsoft-Windows-Security-Auditing", "EventId": 4624, "EventRecordId": "7310", "ProcessId": 618, "ThreadId": 2716, "Level": "LogAlways", "Keywords": "Audit success", "SourceFile": "C:\\Windows\\system32\\winevt\\Logs\\Security.evtx", "ExtraDataOffset": 0, "HiddenRecord": false, "TimeCreated": "2021-03-16T16:11:46.3017034+00:00", "RecordNumber": "7310"}
{"PayloadData1": "Target: OOPS\\OOPS-WORKSTATION_6$", "PayloadData2": "LogonType 3", "PayloadData3": "LogonId: 0X38F6BC", "MapDescription": "An account was logged off", "ChunkNumber": 0, "Computer": "OOPS-DC.oops.net", "Payload": "{\"EventData\": {\"Data\": [{\"@Name\": \"TargetUserSid\", \"#text\": \"S-1-5-21-2586761-349016174-3633466316-1131\"}, {\"@Name\": \"TargetUserName\", \"#text\": \"OOPS-WORKSTATION_6$\"}, {\"@Name\": \"TargetDomainName\", \"#text\": \"OOPS\"}, {\"@Name\": \"TargetLogonId\", \"#text\": \"0X38F6BC\"}, {\"@Name\": \"LogonType\", \"#text\": \"3\"}]}}", "Channel": "Security", "Provider": "Microsoft-Windows-Security-Auditing", "EventId": 4634, "EventRecordId": "7312", "ProcessId": 618, "ThreadId": 2716, "Level": "LogAlways", "Keywords": "Audit success", "SourceFile": "C:\\Windows\\system32\\winevt\\Logs\\Security.evtx", "ExtraDataOffset": 0, "HiddenRecord": false, "TimeCreated": "2021-03-16T16:11:46.3867911+00:00", "RecordNumber": "7312"}
{"PayloadData1": "Target: OOPS\\ward.kathy", "PayloadData2": "LogonType 3", "PayloadData3": "LogonId: 0X38F6E6", "MapDescription": "An account was logged off", "ChunkNumber": 0, "Computer": "OOPS-DC.oops.net", "Payload": "{\"EventData\": {\"Data\": [{\"@Name\": \"TargetUserSid\", \"#text\": \"S-1-5-21-2586761-349016174-3633466316-1134\"}, {\"@Name\": \"TargetUserName\", \"#text\": \"ward.kathy\"}, {\"@Name\": \"TargetDomainName\", \"#text\": \"OOPS\"}, {\"@Name\": \"TargetLogonId\", \"#text\": \"0X38F6E6\"}, {\"@Name\": \"LogonType\", \"#text\": \"3\"}]}}", "Channel": "Security", "Provider": "Microsoft-Windows-Security-Auditing", "EventId": 4634, "EventRecordId": "7315", "ProcessId": 618, "ThreadId": 1511, "Level": "LogAlways", "Keywords": "Audit success", "SourceFile": "C:\\Windows\\system32\\winevt\\Logs\\Security.evtx", "ExtraDataOffset": 0, "HiddenRecord": false, "TimeCreated": "2021-03-16T16:11:46.4421403+00:00", "RecordNumber": "7315"}
{"PayloadData1": "Target: OOPS\\OOPS-WORKSTATION_6$", "PayloadData2": "LogonType 3", "PayloadData3": "LogonId: 0X38F6A0", "MapDescription": "An account was logged off", "ChunkNumber": 0, "Computer": "OOPS-DC.oops.net", "Payload": "{\"EventData\": {\"Data\": [{\"@Name\": \"TargetUserSid\", \"#text\": \"S-1-5-21-2586761-349016174-3633466316-1131\"}, {\"@Name\": \"TargetUserName\", \"#text\": \"OOPS-WORKSTATION_6$\"}, {\"@Name\": \"TargetDomainName\", \"#text\": \"OOPS\"}, {\"@Name\": \"TargetLogonId\", \"#text\": \"0X38F6A0\"}, {\"@Name\": \"LogonType\", \"#text\": \"3\"}]}}", "Channel": "Security", "Provider": "Microsoft-Windows-Security-Auditing", "EventId": 4634, "EventRecordId": "7316", "ProcessId": 618, "ThreadId": 2338, "Level": "LogAlways", "Keywords": "Audit success", "SourceFile": "C:\\Windows\\system32\\winevt\\Logs\\Security.evtx", "ExtraDataOffset": 0, "HiddenRecord": false, "TimeCreated": "2021-03-16T16:11:46.4621533+00:00", "RecordNumber": "7316"}
{"PayloadData1": "Target: OOPS.NET\\OOPS-WORKSTATION_6$@OOPS.NET", "PayloadData2": "ServiceName: OOPS-WORKSTATION_6$", "PayloadData3": "ServiceSid: S-1-5-21-2586761-349016174-3633466316-1131", "PayloadData4": "TicketEncryptionType: AES256-CTS-HMAC-SHA1-96", "PayloadData5": "Status: KDC_ERR_NONE - No error - No errors were found.", "RemoteHost": "::ffff:192.168.94.75:38596", "MapDescription": "A Kerberos service ticket was requested", "ChunkNumber": 0, "Computer": "OOPS-DC.oops.net", "Payload": "{\"EventData\": {\"Data\": [{\"@Name\": \"TargetUserName\", \"#text\": \"OOPS-WORKSTATION_6$@OOPS.NET\"}, {\"@Name\": \"TargetDomainName\", \"#text\": \"OOPS.NET\"}, {\"@Name\": \"ServiceName\", \"#text\": \"OOPS-WORKSTATION_6$\"}, {\"@Name\": \"ServiceSid\", \"#text\": \"S-1-5-21-2586761-349016174-3633466316-1131\"}, {\"@Name\": \"TicketOptions\", \"#text\": \"0x40810000\"}, {\"@Name\": \"TicketEncryptionType\", \"#text\": \"0x12\"}, {\"@Name\": \"IpAddress\", \"#text\": \"::ffff:192.168.94.75\"}, {\"@Name\": \"IpPort\", \"#text\": \"38596\"}, {\"@Name\": \"Status\", \"#text\": \"0x0\"}, {\"@Name\": \"LogonGuid\", \"#text\": \"6542f0ff-70db-4440-b353-8a0b393313cc\"}, {\"@Name\": \"TransmittedServices\", \"#text\": \"-\"}]}}", "Channel": "Security", "Provider": "Microsoft-Windows-Security-Auditing", "EventId": 4769, "EventRecordId": "7317", "ProcessId": 618, "ThreadId": 5141, "Level": "LogAlways", "Keywords": "Audit success", "SourceFile": "C:\\Windows\\system32\\winevt\\Logs\\Security.evtx", "ExtraDataOffset": 0, "HiddenRecord": false, "TimeCreated": "2021-03-16T16:11:46.5227501+00:00", "RecordNumber": "7317"}
{"PayloadData1": "Target: OOPS.NET\\OOPS-WORKSTATION_6$", "PayloadData2": "LogonType 3", "PayloadData3": "LogonId: 0X38F6EF", "UserName": "-\\-", "RemoteHost": "- (192.168.94.75)", "ExecutableInfo": "-", "MapDescription": "Successful logon", "ChunkNumber": 0, "Computer": "OOPS-DC.oops.net", "Payload": "{\"EventData\": {\"Data\": [{\"@Name\": \"SubjectUserSid\", \"#text\": \"S-1-0-0\"}, {\"@Name\": \"SubjectUserName\", \"#text\": \"-\"}, {\"@Name\": \"SubjectDomainName\", \"#text\": \"-\"}, {\"@Name\": \"SubjectLogonId\", \"#text\": \"0x0\"}, {\"@Name\": \"TargetUserSid\", \"#text\": \"S-1-5-21-2586761-349016174-3633466316-1131\"}, {\"@Name\": \"TargetUserName\", \"#text\": \"OOPS-WORKSTATION_6$\"}, {\"@Name\": \"TargetDomainName\", \"#text\": \"OOPS.NET\"}, {\"@Name\": \"TargetLogonId\", \"#text\": \"0X38F6EF\"}, {\"@Name\": \"LogonType\", \"#text\": \"3\"}, {\"@Name\": \"LogonProcessName\", \"#text\": \"Kerberos\"}, {\"@Name\": \"AuthenticationPackageName\", \"#text\": \"Kerberos\"}, {\"@Name\": \"WorkstationName\", \"#text\": \"-\"}, {\"@Name\": \"LogonGuid\", \"#text\": \"0076bb3d-8b12-4342-8ad7-bdbfbb6bf39c\"}, {\"@Name\": \"TransmittedServices\", \"#text\": \"-\"}, {\"@Name\": \"LmPackageName\", \"#text\": \"-\"}, {\"@Name\": \"KeyLength\", \"#text\": \"0\"}, {\"@Name\": \"ProcessId\", \"#text\": \"0x0\"}, {\"@Name\": \"ProcessName\", \"#text\": \"-\"}, {\"@Name\": \"IpAddress\", \"#text\": \"192.168.94.75\"}, {\"@Name\": \"IpPort\", \"#text\": \"38598\"}, {\"@Name\": \"ImpersonationLevel\", \"#text\": \"%%1833\"}, {\"@Name\": \"RestrictedAdminMode\", \"#text\": \"-\"}, {\"@Name\": \"TargetOutboundUserName\", \"#text\": \"-\"}, {\"@Name\": \"TargetOutboundDomainName\", \"#text\": \"-\"}, {\"@Name\": \"VirtualAccount\", \"#text\": \"%%1843\"}, {\"@Name\": \"TargetLinkedLogonId\", \"#text\": \"0x0\"}, {\"@Name\": \"ElevatedToken\", \"#text\": \"%%1842\"}]}}", "Channel": "Security", "Provider": "Microsoft-Windows-Security-Auditing", "EventId": 4624, "EventRecordId": "7321", "ProcessId": 618, "ThreadId": 5141, "Level": "LogAlways", "Keywords": "Audit success", "SourceFile": "C:\\Windows\\system32\\winevt\\Logs\\Security.evtx", "ExtraDataOffset": 0, "HiddenRecord": false, "TimeCreated": "2021-03-16T16:11:46.6043896+00:00", "RecordNumber": "7321"}
{"PayloadData1": "Target: OOPS.NET\\OOPS-WORKSTATION_6$", "PayloadData2": "LogonType 3", "PayloadData3": "LogonId: 0X38F6F9", "UserName": "-\\-", "RemoteHost": "- (192.168.94.75)", "ExecutableInfo": "-", "MapDescription": "Successful logon", "ChunkNumber": 0, "Computer": "OOPS-DC.oops.net", "Payload": "{\"EventData\": {\"Data\": [{\"@Name\": \"SubjectUserSid\", \"#text\": \"S-1-0-0\"}, {\"@Name\": \"SubjectUserName\", \"#text\": \"-\"}, {\"@Name\": \"SubjectDomainName\", \"#text\": \"-\"}, {\"@Name\": \"SubjectLogonId\", \"#text\": \"0x0\"}, {\"@Name\": \"TargetUserSid\", \"#text\": \"S-1-5-21-2586761-349016174-3633466316-1131\"}, {\"@Name\": \"TargetUserName\", \"#text\": \"OOPS-WORKSTATION_6$\"}, {\"@Name\": \"TargetDomainName\", \"#text\": \"OOPS.NET\"}, {\"@Name\": \"TargetLogonId\", \"#text\": \"0X38F6F9\"}, {\"@Name\": \"LogonType\", \"#text\": \"3\"}, {\"@Name\": \"LogonProcessName\", \"#text\": \"Kerberos\"}, {\"@Name\": \"AuthenticationPackageName\", \"#text\": \"Kerberos\"}, {\"@Name\": \"WorkstationName\", \"#text\": \"-\"}, {\"@Name\": \"LogonGuid\", \"#text\": \"9d122b2c-8af0-4451-9470-5ce6ed72367b\"}, {\"@Name\": \"TransmittedServices\", \"#text\": \"-\"}, {\"@Name\": \"LmPackageName\", \"#text\": \"-\"}, {\"@Name\": \"KeyLength\", \"#text\": \"0\"}, {\"@Name\": \"ProcessId\", \"#text\": \"0x0\"}, {\"@Name\": \"ProcessName\", \"#text\": \"-\"}, {\"@Name\": \"IpAddress\", \"#text\": \"192.168.94.75\"}, {\"@Name\": \"IpPort\", \"#text\": \"38599\"}, {\"@Name\": \"ImpersonationLevel\", \"#text\": \"%%1833\"}, {\"@Name\": \"RestrictedAdminMode\", \"#text\": \"-\"}, {\"@Name\": \"TargetOutboundUserName\", \"#text\": \"-\"}, {\"@Name\": \"TargetOutboundDomainName\", \"#text\": \"-\"}, {\"@Name\": \"VirtualAccount\", \"#text\": \"%%1843\"}, {\"@Name\": \"TargetLinkedLogonId\", \"#text\": \"0x0\"}, {\"@Name\": \"ElevatedToken\", \"#text\": \"%%1842\"}]}}", "Channel": "Security", "Provider": "Microsoft-Windows-Security-Auditing", "EventId": 4624, "EventRecordId": "7322", "ProcessId": 618, "ThreadId": 2338, "Level": "LogAlways", "Keywords": "Audit success", "SourceFile": "C:\\Windows\\system32\\winevt\\Logs\\Security.evtx", "ExtraDataOffset": 0, "HiddenRecord": false, "TimeCreated": "2021-03-16T16:11:46.6765957+00:00", "RecordNumber": "7322"}
{"PayloadData1": "Target: OOPS.NET\\OOPS-WORKSTATION_6$", "PayloadData2": "LogonType 3", "PayloadData3": "LogonId: 0X38F717", "UserName": "-\\-", "RemoteHost": "- (192.168.94.75)", "ExecutableInfo": "-", "MapDescription": "Successful logon", "ChunkNumber": 0, "Computer": "OOPS-DC.oops.net", "Payload": "{\"EventData\": {\"Data\": [{\"@Name\": \"SubjectUserSid\", \"#text\": \"S-1-0-0\"}, {\"@Name\": \"SubjectUserName\", \"#text\": \"-\"}, {\"@Name\": \"SubjectDomainName\", \"#text\": \"-\"}, {\"@Name\": \"SubjectLogonId\", \"#text\": \"0x0\"}, {\"@Name\": \"TargetUserSid\", \"#text\": \"S-1-5-21-2586761-349016174-3633466316-1131\"}, {\"@Name\": \"TargetUserName\", \"#text\": \"OOPS-WORKSTATION_6$\"}, {\"@Name\": \"TargetDomainName\", \"#text\": \"OOPS.NET\"}, {\"@Name\": \"TargetLogonId\", \"#text\": \"0X38F717\"}, {\"@Name\": \"LogonType\", \"#text\": \"3\"}, {\"@Name\": \"LogonProcessName\", \"#text\": \"Kerberos\"}, {\"@Name\": \"AuthenticationPackageName\", \"#text\": \"Kerberos\"}, {\"@Name\": \"WorkstationName\", \"#text\": \"-\"}, {\"@Name\": \"LogonGuid\", \"#text\": \"089ed015-2097-4a0f-a54e-7d5fa6b7e0c3\"}, {\"@Name\": \"TransmittedServices\", \"#text\": \"-\"}, {\"@Name\": \"LmPackageName\", \"#text\": \"-\"}, {\"@Name\": \"KeyLength\", \"#text\": \"0\"}, {\"@Name\": \"ProcessId\", \"#text\": \"0x0\"}, {\"@Name\": \"ProcessName\", \"#text\": \"-\"}, {\"@Name\": \"IpAddress\", \"#text\": \"192.168.94.75\"}, {\"@Name\": \"IpPort\", \"#text\": \"38601\"}, {\"@Name\": \"ImpersonationLevel\", \"#text\": \"%%1833\"}, {\"@Name\": \"RestrictedAdminMode\", \"#text\": \"-\"}, {\"@Name\": \"TargetOutboundUserName\", \"#text\": \"-\"}, {\"@Name\": \"TargetOutboundDomainName\", \"#text\": \"-\"}, {\"@Name\": \"VirtualAccount\", \"#text\": \"%%1843\"}, {\"@Name\": \"TargetLinkedLogonId\", \"#text\": \"0x0\"}, {\"@Name\": \"ElevatedToken\", \"#text\": \"%%1842\"}]}}", "Channel": "Security", "Provider": "Microsoft-Windows-Security-Auditing", "EventId": 4624, "EventRecordId": "7328", "ProcessId": 618, "ThreadId": 1511, "Level": "LogAlways", "Keywords": "Audit success", "SourceFile": "C:\\Windows\\system32\\winevt\\Logs\\Security.evtx", "ExtraDataOffset": 0, "HiddenRecord": false, "TimeCreated": "2021-03-16T16:11:46.7373735+00:00", "RecordNumber": "7328"}
{"PayloadData1": "Target: OOPS\\OOPS-WORKSTATION_6$", "PayloadData2": "LogonType 3", "PayloadData3": "LogonId: 0X38F717", "MapDescription": "An account was logged off", "ChunkNumber": 0, "Computer": "OOPS-DC.oops.net", "Payload": "{\"EventData\": {\"Data\": [{\"@Name\": \"TargetUserSid\", \"#text\": \"S-1-5-21-2586761-349016174-3633466316-1131\"}, {\"@Name\": \"TargetUserName\", \"#text\": \"OOPS-WORKSTATION_6$\"}, {\"@Name\": \"TargetDomainName\", \"#text\": \"OOPS\"}, {\"@Name\": \"TargetLogonId\", \"#text\": \"0X38F717\"}, {\"@Name\": \"LogonType\", \"#text\": \"3\"}]}}", "Channel": "Security", "Provider": "Microsoft-Windows-Security-Auditing", "EventId": 4634, "EventRecordId": "7331", "ProcessId": 618, "ThreadId": 1511, "Level": "LogAlways", "Keywords": "Audit success", "SourceFile": "C:\\Windows\\system32\\winevt\\Logs\\Security.evtx", "ExtraDataOffset": 0, "HiddenRecord": false, "TimeCreated": "2021-03-16T16:11:46.7887732+00:00", "RecordNumber": "7331"}
{"PayloadData1": "Target: OOPS\\OOPS-WORKSTATION_6$", "PayloadData2": "LogonType 3", "PayloadData3": "LogonId: 0X38F6F9", "MapDescription": "An account was logged off", "ChunkNumber": 0, "Computer": "OOPS-DC.oops.net", "Payload": "{\"EventData\": {\"Data\": [{\"@Name\": \"TargetUserSid\", \"#text\": \"S-1-5-21-2586761-349016174-3633466316-1131\"}, {\"@Name\": \"TargetUserName\", \"#text\": \"OOPS-WORKSTATION_6$\"}, {\"@Name\": \"TargetDomainName\", \"#text\": \"OOPS\"}, {\"@Name\": \"TargetLogonId\", \"#text\": \"0X38F6F9\"}, {\"@Name\": \"LogonType\", \"#text\": \"3\"}]}}", "Channel": "Security", "Provider": "Microsoft-Windows-Security-Auditing", "EventId": 4634, "EventRecordId": "7335", "ProcessId": 618, "ThreadId": 5208, "Level": "LogAlways", "Keywords": "Audit success", "SourceFile": "C:\\Windows\\system32\\winevt\\Logs\\Security.evtx", "ExtraDataOffset": 0, "HiddenRecord": false, "TimeCreated": "2021-03-16T16:11:46.8739215+00:00", "RecordNumber": "7335"}
{"PayloadData1": "Target: OOPS\\OOPS-WORKSTATION_6$", "PayloadData2": "LogonType 3", "PayloadData3": "LogonId: 0X38F6EF", "MapDescription": "An account was logged off", "ChunkNumber": 0, "Computer": "OOPS-DC.oops.net", "Payload": "{\"EventData\": {\"Data\": [{\"@Name\": \"TargetUserSid\", \"#text\": \"S-1-5-21-2586761-349016174-3633466316-1131\"}, {\"@Name\": \"TargetUserName\", \"#text\": \"OOPS-WORKSTATION_6$\"}, {\"@Name\": \"TargetDomainName\", \"#text\": \"OOPS\"}, {\"@Name\": \"TargetLogonId\", \"#text\": \"0X38F6EF\"}, {\"@Name\": \"LogonType\", \"#text\": \"3\"}]}}", "Channel": "Security", "Provider": "Microsoft-Windows-Security-Auditing", "EventId": 4634, "EventRecordId": "7337", "ProcessId": 618, "ThreadId": 5208, "Level": "LogAlways", "Keywords": "Audit success", "SourceFile": "C:\\Windows\\system32\\winevt\\Logs\\Security.evtx", "ExtraDataOffset": 0, "HiddenRecord": false, "TimeCreated": "2021-03-16T16:11:46.9616677+00:00", "RecordNumber": "7337"}
{"PayloadData1": "Target: OOPS\\guerrier.roger", "PayloadData2": "LogonType 3", "PayloadData3": "LogonId: 0X38EB9E", "MapDescription": "An account was logged off", "ChunkNumber": 0, "Computer": "OOPS-DC.oops.net", "Payload": "{\"EventData\": {\"Data\": [{\"@Name\": \"TargetUserSid\", \"#text\": \"S-1-5-21-2586761-349016174-3633466316-1166\"}, {\"@Name\": \"TargetUserName\", \"#text\": \"guerrier.roger\"}, {\"@Name\": \"TargetDomainName\", \"#text\": \"OOPS\"}, {\"@Name\": \"TargetLogonId\", \"#text\": \"0X38EB9E\"}, {\"@Name\": \"LogonType\", \"#text\": \"3\"}]}}", "Channel": "Security", "Provider": "Microsoft-Windows-Security-Auditing", "EventId": 4634, "EventRecordId": "7342", "ProcessId": 618, "ThreadId": 2338, "Level": "LogAlways", "Keywords": "Audit success", "SourceFile": "C:\\Windows\\system32\\winevt\\Logs\\Security.evtx", "ExtraDataOffset": 0, "HiddenRecord": false, "TimeCreated": "2021-03-16T16:12:48.5616861+00:00", "RecordNumber": "7342"}
{"PayloadData1": "Target: OOPS.NET\\guerrier.roger@OOPS.NET", "PayloadData2": "ServiceName: OOPS-DC$", "PayloadData3": "ServiceSid: S-1-5-21-2586761-349016174-3633466316-1000", "PayloadData4": "TicketEncryptionType: AES256-CTS-HMAC-SHA1-96", "PayloadData5": "Status: KDC_ERR_NONE - No error - No errors were found.", "RemoteHost": "::ffff:192.168.94.144:45196", "MapDescription": "A Kerberos service ticket was requested", "ChunkNumber": 0, "Computer": "OOPS-DC.oops.net", "Payload": "{\"EventData\": {\"Data\": [{\"@Name\": \"TargetUserName\", \"#text\": \"guerrier.roger@OOPS.NET\"}, {\"@Name\": \"TargetDomainName\", \"#text\": \"OOPS.NET\"}, {\"@Name\": \"ServiceName\", \"#text\": \"OOPS-DC$\"}, {\"@Name\": \"ServiceSid\", \"#text\": \"S-1-5-21-2586761-349016174-3633466316-1000\"}, {\"@Name\": \"TicketOptions\", \"#text\": \"0x40810000\"}, {\"@Name\": \"TicketEncryptionType\", \"#text\": \"0x12\"}, {\"@Name\": \"IpAddress\", \"#text\": \"::ffff:192.168.94.144\"}, {\"@Name\": \"IpPort\", \"#text\": \"45196\"}, {\"@Name\": \"Status\", \"#text\": \"0x0\"}, {\"@Name\": \"LogonGuid\", \"#text\": \"db1ea467-7468-47c6-9adb-9dc3b6e681c6\"}, {\"@Name\": \"TransmittedServices\", \"#text\": \"-\"}]}}", "Channel": "Security", "Provider": "Microsoft-Windows-Security-Auditing", "EventId": 4769, "EventRecordId": "7347", "ProcessId": 618, "ThreadId": 2338, "Level": "LogAlways", "Keywords": "Audit success", "SourceFile": "C:\\Windows\\system32\\winevt\\Logs\\Security.evtx", "ExtraDataOffset": 0, "HiddenRecord": false, "TimeCreated": "2021-03-16T16:13:18.5856316+00:00", "RecordNumber": "7347"}
